c:\users\zhao\documents\visual studio 2015\projects\stitchvffpem\stitch\x64\release\vc140.pdb
c:\users\zhao\documents\visual studio 2015\projects\stitchvffpem\stitch\x64\release\tcp_server.obj
c:\users\zhao\documents\visual studio 2015\projects\stitchvffpem\stitch\x64\release\rigdescription.obj
c:\users\zhao\documents\visual studio 2015\projects\stitchvffpem\stitch\x64\release\readwrite.obj
c:\users\zhao\documents\visual studio 2015\projects\stitchvffpem\stitch\x64\release\novelviewupdate.obj
c:\users\zhao\documents\visual studio 2015\projects\stitchvffpem\stitch\x64\release\novelviewgenerator.obj
c:\users\zhao\documents\visual studio 2015\projects\stitchvffpem\stitch\x64\release\main.obj
c:\users\zhao\documents\visual studio 2015\projects\stitchvffpem\stitch\x64\release\encodevideo.obj
c:\users\zhao\documents\visual studio 2015\projects\stitchvffpem\stitch\x64\release\cuda.obj
c:\users\zhao\documents\visual studio 2015\projects\stitchvffpem\stitch\x64\release\camera.obj
c:\users\zhao\documents\visual studio 2015\projects\stitchvffpemtop\stitch\x64\release\vc140.pdb
c:\users\zhao\documents\visual studio 2015\projects\stitchvffpemtop\stitch\x64\release\tcp_server.obj
c:\users\zhao\documents\visual studio 2015\projects\stitchvffpemtop\stitch\x64\release\rigdescription.obj
c:\users\zhao\documents\visual studio 2015\projects\stitchvffpemtop\stitch\x64\release\readwrite.obj
c:\users\zhao\documents\visual studio 2015\projects\stitchvffpemtop\stitch\x64\release\novelviewupdate.obj
c:\users\zhao\documents\visual studio 2015\projects\stitchvffpemtop\stitch\x64\release\novelviewgenerator.obj
c:\users\zhao\documents\visual studio 2015\projects\stitchvffpemtop\stitch\x64\release\main.obj
c:\users\zhao\documents\visual studio 2015\projects\stitchvffpemtop\stitch\x64\release\encodevideo.obj
c:\users\zhao\documents\visual studio 2015\projects\stitchvffpemtop\stitch\x64\release\cuda.obj
c:\users\zhao\documents\visual studio 2015\projects\stitchvffpemtop\stitch\x64\release\camera.obj
c:\users\zhao\documents\visual studio 2015\projects\stitchvffpem\x64\release\stitch.exe
c:\users\zhao\documents\visual studio 2015\projects\stitchvffpem\x64\release\stitch.ipdb
c:\users\zhao\documents\visual studio 2015\projects\stitchvffpem\x64\release\stitch.iobj
c:\users\zhao\documents\visual studio 2015\projects\stitchvffpem\x64\release\stitch.pdb
c:\users\zhao\documents\visual studio 2015\projects\stitchvffpem\stitch\x64\release\vcpkg.applocal.log
c:\users\zhao\documents\visual studio 2015\projects\stitchvffpemtop\stitch\x64\release\vcpkg.applocal.log
c:\users\zhao\documents\visual studio 2015\projects\stitchvffpemtop\stitch\x64\release\cuda.cu.cache
c:\users\zhao\documents\visual studio 2015\projects\stitchvffpemtop\stitch\x64\release\cuda.cu.obj
c:\users\zhao\documents\visual studio 2015\projects\stitchvffpemtop\x64\release\stitch.pdb
c:\users\zhao\documents\visual studio 2015\projects\stitchvffpemtop\stitch\x64\release\stitch.tlog\cl.command.1.tlog
c:\users\zhao\documents\visual studio 2015\projects\stitchvffpemtop\stitch\x64\release\stitch.tlog\cl.read.1.tlog
c:\users\zhao\documents\visual studio 2015\projects\stitchvffpemtop\stitch\x64\release\stitch.tlog\cl.write.1.tlog
c:\users\zhao\documents\visual studio 2015\projects\stitchvffpemtop\stitch\x64\release\stitch.tlog\link.command.1.tlog
c:\users\zhao\documents\visual studio 2015\projects\stitchvffpemtop\stitch\x64\release\stitch.tlog\link.read.1.tlog
c:\users\zhao\documents\visual studio 2015\projects\stitchvffpemtop\stitch\x64\release\stitch.tlog\link.write.1.tlog
c:\users\zhao\documents\visual studio 2015\projects\stitchvffpemtop\stitch\x64\release\stitch.tlog\stitch.write.1u.tlog
